<?xml version="1.0" encoding="UTF-8"?>
<!-- Generated by org.testng.reporters.JUnitXMLReporter -->
<testsuite hostname="Lenovo-PC" ignored="2" name="Default test" tests="1" failures="0" timestamp="30 Aug 2022 04:41:07 GMT" time="18.278" errors="0">
  <testcase name="verifyThatUserCanLoginSuccessfully" time="4.374" classname="com.supermarket.tests.LoginTest"/>
  <testcase name="verifyInvalidCredentialWarningmessage" time="0.0" classname="com.supermarket.tests.LoginTest">
    <ignored/>
  </testcase> <!-- verifyInvalidCredentialWarningmessage -->
  <testcase name="verifyCreatedAdminLogin" time="0.0" classname="com.supermarket.tests.LoginTest">
    <ignored/>
  </testcase> <!-- verifyCreatedAdminLogin -->
</testsuite> <!-- Default test -->
