<?xml version="1.0" encoding="UTF-8"?>
<testng-results skipped="0" failed="0" ignored="2" total="3" passed="1">
  <reporter-output>
  </reporter-output>
  <suite name="Default suite" duration-ms="18278" started-at="2022-08-30T04:40:48Z" finished-at="2022-08-30T04:41:06Z">
    <groups>
    </groups>
    <test name="Default test" duration-ms="18278" started-at="2022-08-30T04:40:48Z" finished-at="2022-08-30T04:41:06Z">
      <class name="com.supermarket.tests.LoginTest">
        <test-method status="PASS" signature="setUp()[pri:0, instance:com.supermarket.tests.LoginTest@131276c2]" name="setUp" is-config="true" duration-ms="13354" started-at="2022-08-30T10:10:48Z" finished-at="2022-08-30T10:11:02Z">
          <reporter-output>
          </reporter-output>
        </test-method> <!-- setUp -->
        <test-method status="PASS" signature="verifyThatUserCanLoginSuccessfully()[pri:0, instance:com.supermarket.tests.LoginTest@131276c2]" name="verifyThatUserCanLoginSuccessfully" duration-ms="4374" started-at="2022-08-30T10:11:02Z" finished-at="2022-08-30T10:11:06Z">
          <reporter-output>
          </reporter-output>
        </test-method> <!-- verifyThatUserCanLoginSuccessfully -->
        <test-method status="PASS" signature="tearDown(org.testng.ITestResult)[pri:0, instance:com.supermarket.tests.LoginTest@131276c2]" name="tearDown" is-config="true" duration-ms="467" started-at="2022-08-30T10:11:06Z" finished-at="2022-08-30T10:11:06Z">
          <params>
            <param index="0">
              <value>
                <![CDATA[[TestResult name=verifyThatUserCanLoginSuccessfully status=SUCCESS method=LoginTest.verifyThatUserCanLoginSuccessfully()[pri:0, instance:com.supermarket.tests.LoginTest@131276c2] output={null}]]]>
              </value>
            </param>
          </params>
          <reporter-output>
          </reporter-output>
        </test-method> <!-- tearDown -->
      </class> <!-- com.supermarket.tests.LoginTest -->
    </test> <!-- Default test -->
  </suite> <!-- Default suite -->
</testng-results>
